This is pdfTeX, Version 3.14159265-2.6-1.40.15 (TeX Live 2014) (preloaded format=pdflatex 2014.5.25)  11 DEC 2014 13:59
entering extended mode
 restricted \write18 enabled.
 file:line:error style messages enabled.
 %&-line parsing enabled.
**writeup.tex
(./writeup.tex
LaTeX2e <2014/05/01>
Babel <3.9k> and hyphenation patterns for 78 languages loaded.
(./wileySev.cls


 Wiley Book Style, Design No.: SD 001C
 and SD 004B
 
 Written by Amy Hendrickson, TeXnology, Inc.
 
 This version is dated Feb 16, 2011


\phspace=\dimen102
\SpaceAboveChapterNumber=\dimen103
\savefootnotenumber=\count79
\ftnum=\count80
\saveftnum=\count81
\c@chapapp=\count82
\c@part=\count83
\c@chapter=\count84
\c@section=\count85
\c@subsection=\count86
\c@subsubsection=\count87
\c@paragraph=\count88
\c@subparagraph=\count89
\c@figure=\count90
\c@table=\count91
\abovecaptionskip=\skip41
\belowcaptionskip=\skip42
\partskip=\skip43
\tabandfigskip=\skip44
\footnum=\count92
\savefootnum=\count93
\@indexfile=\write3
\openout3 = `writeup.idx'.

Writing index file writeup.idx
\iletterskip=\skip45
\timing=\count94
\hourcount=\count95
\oldtime=\count96
\probcount=\count97
\subprobcount=\count98
\c@subproblem=\count99
\c@subproblem=\count100
\widthofcropmarks=\dimen104
\raisetopcropmarks=\dimen105
\raisebottomcropmarks=\dimen106
\movecropmarksright=\dimen107
\c@theorem=\count101
\c@appfootnote=\count102
\slugwidth=\dimen108
\slugheight=\dimen109
\slugdepth=\dimen110
\c@exampnum=\count103
\c@algo=\count104
\c@algorithm=\count105
\chapskip=\dimen111
\chapheight=\dimen112
\authorskip=\dimen113
) (/usr/local/texlive/2014/texmf-dist/tex/latex/graphics/graphicx.sty
Package: graphicx 2014/04/25 v1.0g Enhanced LaTeX Graphics (DPC,SPQR)

(/usr/local/texlive/2014/texmf-dist/tex/latex/graphics/keyval.sty
Package: keyval 2014/05/08 v1.15 key=value parser (DPC)
\KV@toks@=\toks14
)
(/usr/local/texlive/2014/texmf-dist/tex/latex/graphics/graphics.sty
Package: graphics 2009/02/05 v1.0o Standard LaTeX Graphics (DPC,SPQR)

(/usr/local/texlive/2014/texmf-dist/tex/latex/graphics/trig.sty
Package: trig 1999/03/16 v1.09 sin cos tan (DPC)
)
(/usr/local/texlive/2014/texmf-dist/tex/latex/latexconfig/graphics.cfg
File: graphics.cfg 2010/04/23 v1.9 graphics configuration of TeX Live
)
Package graphics Info: Driver file: pdftex.def on input line 91.

(/usr/local/texlive/2014/texmf-dist/tex/latex/pdftex-def/pdftex.def
File: pdftex.def 2011/05/27 v0.06d Graphics/color for pdfTeX

(/usr/local/texlive/2014/texmf-dist/tex/generic/oberdiek/infwarerr.sty
Package: infwarerr 2010/04/08 v1.3 Providing info/warning/error messages (HO)
)
(/usr/local/texlive/2014/texmf-dist/tex/generic/oberdiek/ltxcmds.sty
Package: ltxcmds 2011/11/09 v1.22 LaTeX kernel commands for general use (HO)
)
\Gread@gobject=\count106
))
\Gin@req@height=\dimen114
\Gin@req@width=\dimen115
)
(/usr/local/texlive/2014/texmf-dist/tex/latex/hyperref/hyperref.sty
Package: hyperref 2012/11/06 v6.83m Hypertext links for LaTeX

(/usr/local/texlive/2014/texmf-dist/tex/generic/oberdiek/hobsub-hyperref.sty
Package: hobsub-hyperref 2012/05/28 v1.13 Bundle oberdiek, subset hyperref (HO)


(/usr/local/texlive/2014/texmf-dist/tex/generic/oberdiek/hobsub-generic.sty
Package: hobsub-generic 2012/05/28 v1.13 Bundle oberdiek, subset generic (HO)
Package: hobsub 2012/05/28 v1.13 Construct package bundles (HO)
Package hobsub Info: Skipping package `infwarerr' (already loaded).
Package hobsub Info: Skipping package `ltxcmds' (already loaded).
Package: ifluatex 2010/03/01 v1.3 Provides the ifluatex switch (HO)
Package ifluatex Info: LuaTeX not detected.
Package: ifvtex 2010/03/01 v1.5 Detect VTeX and its facilities (HO)
Package ifvtex Info: VTeX not detected.
Package: intcalc 2007/09/27 v1.1 Expandable calculations with integers (HO)
Package: ifpdf 2011/01/30 v2.3 Provides the ifpdf switch (HO)
Package ifpdf Info: pdfTeX in PDF mode is detected.
Package: etexcmds 2011/02/16 v1.5 Avoid name clashes with e-TeX commands (HO)
Package etexcmds Info: Could not find \expanded.
(etexcmds)             That can mean that you are not using pdfTeX 1.50 or
(etexcmds)             that some package has redefined \expanded.
(etexcmds)             In the latter case, load this package earlier.
Package: kvsetkeys 2012/04/25 v1.16 Key value parser (HO)
Package: kvdefinekeys 2011/04/07 v1.3 Define keys (HO)
Package: pdftexcmds 2011/11/29 v0.20 Utility functions of pdfTeX for LuaTeX (HO
)
Package pdftexcmds Info: LuaTeX not detected.
Package pdftexcmds Info: \pdf@primitive is available.
Package pdftexcmds Info: \pdf@ifprimitive is available.
Package pdftexcmds Info: \pdfdraftmode found.
Package: pdfescape 2011/11/25 v1.13 Implements pdfTeX's escape features (HO)
Package: bigintcalc 2012/04/08 v1.3 Expandable calculations on big integers (HO
)
Package: bitset 2011/01/30 v1.1 Handle bit-vector datatype (HO)
Package: uniquecounter 2011/01/30 v1.2 Provide unlimited unique counter (HO)
)
Package hobsub Info: Skipping package `hobsub' (already loaded).
Package: letltxmacro 2010/09/02 v1.4 Let assignment for LaTeX macros (HO)
Package: hopatch 2012/05/28 v1.2 Wrapper for package hooks (HO)
Package: xcolor-patch 2011/01/30 xcolor patch
Package: atveryend 2011/06/30 v1.8 Hooks at the very end of document (HO)
Package: atbegshi 2011/10/05 v1.16 At begin shipout hook (HO)
Package: refcount 2011/10/16 v3.4 Data extraction from label references (HO)
Package: hycolor 2011/01/30 v1.7 Color options for hyperref/bookmark (HO)
)
(/usr/local/texlive/2014/texmf-dist/tex/generic/ifxetex/ifxetex.sty
Package: ifxetex 2010/09/12 v0.6 Provides ifxetex conditional
)
(/usr/local/texlive/2014/texmf-dist/tex/latex/oberdiek/auxhook.sty
Package: auxhook 2011/03/04 v1.3 Hooks for auxiliary files (HO)


Package auxhook Warning: Cannot patch \document,
(auxhook)                using \AtBeginDocument instead.

) (/usr/local/texlive/2014/texmf-dist/tex/latex/oberdiek/kvoptions.sty
Package: kvoptions 2011/06/30 v3.11 Key value format for package options (HO)
)
\@linkdim=\dimen116
\Hy@linkcounter=\count107
\Hy@pagecounter=\count108

(/usr/local/texlive/2014/texmf-dist/tex/latex/hyperref/pd1enc.def
File: pd1enc.def 2012/11/06 v6.83m Hyperref: PDFDocEncoding definition (HO)
)
\Hy@SavedSpaceFactor=\count109

(/usr/local/texlive/2014/texmf-dist/tex/latex/latexconfig/hyperref.cfg
File: hyperref.cfg 2002/06/06 v1.2 hyperref configuration of TeXLive
)
Package hyperref Info: Hyper figures OFF on input line 4443.
Package hyperref Info: Link nesting OFF on input line 4448.
Package hyperref Info: Hyper index ON on input line 4451.
Package hyperref Info: Plain pages OFF on input line 4458.
Package hyperref Info: Backreferencing OFF on input line 4463.
Package hyperref Info: Implicit mode ON; LaTeX internals redefined.
Package hyperref Info: Bookmarks ON on input line 4688.
\c@Hy@tempcnt=\count110

(/usr/local/texlive/2014/texmf-dist/tex/latex/url/url.sty
\Urlmuskip=\muskip10
Package: url 2013/09/16  ver 3.4  Verb mode for urls, etc.
)
LaTeX Info: Redefining \url on input line 5041.
\XeTeXLinkMargin=\dimen117
\Fld@menulength=\count111
\Field@Width=\dimen118
\Fld@charsize=\dimen119
Package hyperref Info: Hyper figures OFF on input line 6295.
Package hyperref Info: Link nesting OFF on input line 6300.
Package hyperref Info: Hyper index ON on input line 6303.
Package hyperref Info: backreferencing OFF on input line 6310.
Package hyperref Info: Link coloring OFF on input line 6315.
Package hyperref Info: Link coloring with OCG OFF on input line 6320.
Package hyperref Info: PDF/A mode OFF on input line 6325.
LaTeX Info: Redefining \ref on input line 6365.
LaTeX Info: Redefining \pageref on input line 6369.
\Hy@abspage=\count112
\c@Item=\count113
\c@Hfootnote=\count114
)

Package hyperref Message: Driver (autodetected): hpdftex.

(/usr/local/texlive/2014/texmf-dist/tex/latex/hyperref/hpdftex.def
File: hpdftex.def 2012/11/06 v6.83m Hyperref driver for pdfTeX
\Fld@listcount=\count115
\c@bookmark@seq@number=\count116

(/usr/local/texlive/2014/texmf-dist/tex/latex/oberdiek/rerunfilecheck.sty
Package: rerunfilecheck 2011/04/15 v1.7 Rerun checks for auxiliary files (HO)
Package uniquecounter Info: New unique counter `rerunfilecheck' on input line 2
82.
)
\Hy@SectionHShift=\skip46
)
(/usr/local/texlive/2014/texmf-dist/tex/latex/graphics/color.sty
Package: color 2014/04/23 v1.1a Standard LaTeX Color (DPC)

(/usr/local/texlive/2014/texmf-dist/tex/latex/latexconfig/color.cfg
File: color.cfg 2007/01/18 v1.5 color configuration of teTeX/TeXLive
)
Package color Info: Driver file: pdftex.def on input line 137.
)
Package hyperref Info: Option `colorlinks' set `true' on input line 24.

(./w-bookps.sty


 Using PostScript Fonts

 Wiley Monograph/Edited Book Style
 Feb 16, 2012

 
)
\sectsavebox=\box26
LaTeX Font Info:    External font `cmex10' loaded for size
(Font)              <7> on input line 36.
LaTeX Font Info:    External font `cmex10' loaded for size
(Font)              <5> on input line 36.
 (/usr/local/texlive/2014/texmf-dist/tex/latex/tools/multicol.sty
Package: multicol 2014/04/23 v1.8e multicolumn formatting (FMi)
\c@tracingmulticols=\count117
\mult@box=\box27
\multicol@leftmargin=\dimen120
\c@unbalance=\count118
\c@collectmore=\count119
\doublecol@number=\count120
\multicoltolerance=\count121
\multicolpretolerance=\count122
\full@width=\dimen121
\page@free=\dimen122
\premulticols=\dimen123
\postmulticols=\dimen124
\multicolsep=\skip47
\multicolbaselineskip=\skip48
\partial@page=\box28
\last@line=\box29
\maxbalancingoverflow=\dimen125
\mult@rightbox=\box30
\mult@grightbox=\box31
\mult@gfirstbox=\box32
\mult@firstbox=\box33
\@tempa=\box34
\@tempa=\box35
\@tempa=\box36
\@tempa=\box37
\@tempa=\box38
\@tempa=\box39
\@tempa=\box40
\@tempa=\box41
\@tempa=\box42
\@tempa=\box43
\@tempa=\box44
\@tempa=\box45
\@tempa=\box46
\@tempa=\box47
\@tempa=\box48
\@tempa=\box49
\@tempa=\box50
\c@columnbadness=\count123
\c@finalcolumnbadness=\count124
\last@try=\dimen126
\multicolovershoot=\dimen127
\multicolundershoot=\dimen128
\mult@nat@firstbox=\box51
\colbreak@box=\box52
\mc@col@check@num=\count125
)
(/usr/local/texlive/2014/texmf-dist/tex/latex/parskip/parskip.sty
Package: parskip 2001/04/09 non-zero parskip adjustments
)
(./writeup.aux

LaTeX Warning: Label `link_used_elsewhere' multiply defined.


LaTeX Warning: Label `link_used_elsewhere' multiply defined.

)
\openout1 = `writeup.aux'.

LaTeX Font Info:    Checking defaults for OML/cmm/m/it on input line 47.
LaTeX Font Info:    ... okay on input line 47.
LaTeX Font Info:    Checking defaults for T1/cmr/m/n on input line 47.
LaTeX Font Info:    ... okay on input line 47.
LaTeX Font Info:    Checking defaults for OT1/cmr/m/n on input line 47.
LaTeX Font Info:    ... okay on input line 47.
LaTeX Font Info:    Checking defaults for OMS/cmsy/m/n on input line 47.
LaTeX Font Info:    ... okay on input line 47.
LaTeX Font Info:    Checking defaults for OMX/cmex/m/n on input line 47.
LaTeX Font Info:    ... okay on input line 47.
LaTeX Font Info:    Checking defaults for U/cmr/m/n on input line 47.
LaTeX Font Info:    ... okay on input line 47.
LaTeX Font Info:    Checking defaults for PD1/pdf/m/n on input line 47.
LaTeX Font Info:    ... okay on input line 47.
LaTeX Font Info:    Try loading font information for OT1+ptm on input line 47.
 (/usr/local/texlive/2014/texmf-dist/tex/latex/psnfss/ot1ptm.fd
File: ot1ptm.fd 2001/06/04 font definitions for OT1/ptm.
)
(/usr/local/texlive/2014/texmf-dist/tex/context/base/supp-pdf.mkii
[Loading MPS to PDF converter (version 2006.09.02).]
\scratchcounter=\count126
\scratchdimen=\dimen129
\scratchbox=\box53
\nofMPsegments=\count127
\nofMParguments=\count128
\everyMPshowfont=\toks15
\MPscratchCnt=\count129
\MPscratchDim=\dimen130
\MPnumerator=\count130
\makeMPintoPDFobject=\count131
\everyMPtoPDFconversion=\toks16
) (/usr/local/texlive/2014/texmf-dist/tex/latex/oberdiek/epstopdf-base.sty
Package: epstopdf-base 2010/02/09 v2.5 Base part for package epstopdf

(/usr/local/texlive/2014/texmf-dist/tex/latex/oberdiek/grfext.sty
Package: grfext 2010/08/19 v1.1 Manage graphics extensions (HO)
)
Package grfext Info: Graphics extension search list:
(grfext)             [.png,.pdf,.jpg,.mps,.jpeg,.jbig2,.jb2,.PNG,.PDF,.JPG,.JPE
G,.JBIG2,.JB2,.eps]
(grfext)             \AppendGraphicsExtensions on input line 452.

(/usr/local/texlive/2014/texmf-dist/tex/latex/latexconfig/epstopdf-sys.cfg
File: epstopdf-sys.cfg 2010/07/13 v1.3 Configuration of (r)epstopdf for TeX Liv
e
))
\AtBeginShipoutBox=\box54


Package hyperref Warning: Height of page (\paperheight) is invalid (0.0pt),
(hyperref)                using 11in.

Package hyperref Info: Link coloring ON on input line 47.
(/usr/local/texlive/2014/texmf-dist/tex/latex/hyperref/nameref.sty
Package: nameref 2012/10/27 v2.43 Cross-referencing by name of section

(/usr/local/texlive/2014/texmf-dist/tex/generic/oberdiek/gettitlestring.sty
Package: gettitlestring 2010/12/03 v1.4 Cleanup title references (HO)
)
\c@section@level=\count132
)
LaTeX Info: Redefining \ref on input line 47.
LaTeX Info: Redefining \pageref on input line 47.
LaTeX Info: Redefining \nameref on input line 47.

(./writeup.out) (./writeup.out)
\@outlinefile=\write4
\openout4 = `writeup.out'.

LaTeX Font Info:    Font shape `OT1/ptm/bx/n' in size <24.88> not available
(Font)              Font shape `OT1/ptm/b/n' tried instead on input line 61.

<Cornell_University_logo.png, id=160, 1003.75pt x 250.9375pt>
File: Cornell_University_logo.png Graphic file (type png)

<use Cornell_University_logo.png>
Package pdftex.def Info: Cornell_University_logo.png used on input line 61.
(pdftex.def)             Requested size: 216.81pt x 54.19939pt.
 [1{/usr/local/texlive/2014/texmf-var/fonts/map/pdftex/updmap/pdftex.map} <./Co
rnell_University_logo.png>]
LaTeX Font Info:    Font shape `OT1/ptm/bx/n' in size <14.4> not available
(Font)              Font shape `OT1/ptm/b/n' tried instead on input line 62.
 (./writeup.toc
LaTeX Font Info:    Try loading font information for OT1+pcr on input line 16.

(/usr/local/texlive/2014/texmf-dist/tex/latex/psnfss/ot1pcr.fd
File: ot1pcr.fd 2001/06/04 font definitions for OT1/pcr.
) [2

])
\tf@toc=\write5
\openout5 = `writeup.toc'.

 [3]

Package hyperref Warning: bookmark level for unknown schapter defaults to 0.

[4

]
LaTeX Font Info:    Font shape `OT1/ptm/bx/n' in size <17.28> not available
(Font)              Font shape `OT1/ptm/b/n' tried instead on input line 73.
LaTeX Font Info:    External font `cmex10' loaded for size
(Font)              <14.4> on input line 73.
 [1

]
Chapter 1.
LaTeX Font Info:    Font shape `OT1/ptm/bx/n' in size <12> not available
(Font)              Font shape `OT1/ptm/b/n' tried instead on input line 76.
LaTeX Font Info:    Font shape `OT1/pcr/m/it' in size <10> not available
(Font)              Font shape `OT1/pcr/m/sl' tried instead on input line 82.

Underfull \hbox (badness 10000) in paragraph at lines 82--83

 []

LaTeX Font Info:    Font shape `OT1/ptm/bx/n' in size <10> not available
(Font)              Font shape `OT1/ptm/b/n' tried instead on input line 84.

Underfull \hbox (badness 10000) in paragraph at lines 84--85

 []

[2

]
Underfull \hbox (badness 10000) in paragraph at lines 86--87

 []


Overfull \hbox (0.96774pt too wide) in paragraph at lines 88--94
\OT1/ptm/m/n/10 tory say. If you want to in-stall in this way, please add the o
p-tion "\OT1/pcr/m/n/10 --enable-trad-htk\OT1/ptm/m/n/10 "
 []


Underfull \hbox (badness 10000) in paragraph at lines 88--94

 []


Underfull \hbox (badness 10000) in paragraph at lines 95--97

 []


Underfull \hbox (badness 10000) in paragraph at lines 107--109

 []


Overfull \hbox (16.49792pt too wide) in paragraph at lines 110--116
\OT1/ptm/m/n/10 Solaris: if "\OT1/pcr/m/n/10 make\OT1/ptm/m/n/10 " isn't in-sta
lled you may need to add \OT1/pcr/m/n/10 /opt/sfw/bin \OT1/ptm/m/n/10 and \OT1/
pcr/m/n/10 /usr/ccs/bin
 []


Underfull \hbox (badness 10000) in paragraph at lines 118--119

 []


Underfull \hbox (badness 10000) in paragraph at lines 119--120

 []

[3]
Overfull \hbox (8.0pt too wide) in paragraph at lines 130--130
 []\OT1/pcr/m/n/10 C:\Program Files\Microsoft Visual Studio .NET 2003\Vc7\bin[]
 
 []


Underfull \hbox (badness 10000) has occurred while \output is active
[]
 []

[4]
Chapter 2.
[5

]
Overfull \hbox (10.73718pt too wide) in paragraph at lines 210--211
[]\OT1/ptm/m/n/10 We use the Span-ish and En-glish sam-ples, but make all of th
em avail-able in \OT1/pcr/m/n/10 data[]general/\OT1/ptm/m/n/10 . 
 []


Underfull \hbox (badness 10000) has occurred while \output is active
[]
 []

[6]
Chapter 3.

Underfull \vbox (badness 10000) has occurred while \output is active []

 [7

]
Underfull \hbox (badness 10000) has occurred while \output is active
[]
 []

[8]
Chapter 4.
LaTeX Font Info:    Font shape `OT1/pcr/bx/n' in size <12> not available
(Font)              Font shape `OT1/pcr/b/n' tried instead on input line 235.

Overfull \hbox (36.0pt too wide) in paragraph at lines 253--253
[]\OT1/pcr/m/n/10 TARGETKIND = MFCC_0_D_A    # Identifier of the coefficients t
o use[] 
 []

[9

]
Overfull \hbox (12.0pt too wide) in paragraph at lines 253--253
[]\OT1/pcr/m/n/10 NUMCEPS = 12     # Number of MFCC coeffs (here from c1 to c12
)[] 
 []


Overfull \hbox (24.0pt too wide) in paragraph at lines 253--253
[]\OT1/pcr/m/n/10 USEHAMMING = T    # Use of Hamming function for windowing fra
mes[] 
 []


Overfull \hbox (114.0pt too wide) in paragraph at lines 261--261
[]\OT1/pcr/m/n/10 data/train/wav/english_f1_security.wav data/train/mfcc/englis
h_f1_security.mfcc[] 
 []


Overfull \hbox (114.0pt too wide) in paragraph at lines 261--261
[]\OT1/pcr/m/n/10 data/train/wav/english_f2_security.wav data/train/mfcc/englis
h_f2_security.mfcc[] 
 []


Underfull \hbox (badness 10000) has occurred while \output is active
[]
 []

[10]
Chapter 5.

Underfull \vbox (badness 10000) has occurred while \output is active []

 [11

]
Underfull \vbox (badness 5878) has occurred while \output is active []


Underfull \hbox (badness 10000) has occurred while \output is active
[]
 []

[12]
Overfull \hbox (12.0pt too wide) in paragraph at lines 337--337
[]           \OT1/pcr/m/n/10 0.0 0.0 0.0 0.0 0.0 0.0 0.0 0.0 0.0 0.0 0.0 0.0 0.
0[] 
 []


Overfull \hbox (12.0pt too wide) in paragraph at lines 337--337
[]           \OT1/pcr/m/n/10 0.0 0.0 0.0 0.0 0.0 0.0 0.0 0.0 0.0 0.0 0.0 0.0 0.
0[] 
 []


Overfull \hbox (12.0pt too wide) in paragraph at lines 337--337
[]           \OT1/pcr/m/n/10 0.0 0.0 0.0 0.0 0.0 0.0 0.0 0.0 0.0 0.0 0.0 0.0 0.
0[] 
 []


Overfull \hbox (12.0pt too wide) in paragraph at lines 337--337
[]           \OT1/pcr/m/n/10 1.0 1.0 1.0 1.0 1.0 1.0 1.0 1.0 1.0 1.0 1.0 1.0 1.
0[] 
 []


Overfull \hbox (12.0pt too wide) in paragraph at lines 337--337
[]           \OT1/pcr/m/n/10 1.0 1.0 1.0 1.0 1.0 1.0 1.0 1.0 1.0 1.0 1.0 1.0 1.
0[] 
 []


Overfull \hbox (12.0pt too wide) in paragraph at lines 337--337
[]           \OT1/pcr/m/n/10 1.0 1.0 1.0 1.0 1.0 1.0 1.0 1.0 1.0 1.0 1.0 1.0 1.
0[] 
 []


Overfull \hbox (12.0pt too wide) in paragraph at lines 337--337
[]           \OT1/pcr/m/n/10 0.0 0.0 0.0 0.0 0.0 0.0 0.0 0.0 0.0 0.0 0.0 0.0 0.
0[] 
 []


Overfull \hbox (12.0pt too wide) in paragraph at lines 337--337
[]           \OT1/pcr/m/n/10 0.0 0.0 0.0 0.0 0.0 0.0 0.0 0.0 0.0 0.0 0.0 0.0 0.
0[] 
 []


Overfull \hbox (12.0pt too wide) in paragraph at lines 337--337
[]           \OT1/pcr/m/n/10 0.0 0.0 0.0 0.0 0.0 0.0 0.0 0.0 0.0 0.0 0.0 0.0 0.
0[] 
 []


Overfull \hbox (12.0pt too wide) in paragraph at lines 337--337
[]           \OT1/pcr/m/n/10 1.0 1.0 1.0 1.0 1.0 1.0 1.0 1.0 1.0 1.0 1.0 1.0 1.
0[] 
 []


Overfull \hbox (12.0pt too wide) in paragraph at lines 337--337
[]           \OT1/pcr/m/n/10 1.0 1.0 1.0 1.0 1.0 1.0 1.0 1.0 1.0 1.0 1.0 1.0 1.
0[] 
 []


Overfull \hbox (12.0pt too wide) in paragraph at lines 337--337
[]           \OT1/pcr/m/n/10 1.0 1.0 1.0 1.0 1.0 1.0 1.0 1.0 1.0 1.0 1.0 1.0 1.
0[] 
 []


Overfull \hbox (12.0pt too wide) in paragraph at lines 337--337
[]           \OT1/pcr/m/n/10 0.0 0.0 0.0 0.0 0.0 0.0 0.0 0.0 0.0 0.0 0.0 0.0 0.
0[] 
 []


Overfull \hbox (12.0pt too wide) in paragraph at lines 337--337
[]           \OT1/pcr/m/n/10 0.0 0.0 0.0 0.0 0.0 0.0 0.0 0.0 0.0 0.0 0.0 0.0 0.
0[] 
 []


Overfull \hbox (12.0pt too wide) in paragraph at lines 337--337
[]           \OT1/pcr/m/n/10 0.0 0.0 0.0 0.0 0.0 0.0 0.0 0.0 0.0 0.0 0.0 0.0 0.
0[] 
 []


Overfull \hbox (12.0pt too wide) in paragraph at lines 337--337
[]           \OT1/pcr/m/n/10 1.0 1.0 1.0 1.0 1.0 1.0 1.0 1.0 1.0 1.0 1.0 1.0 1.
0[] 
 []


Overfull \hbox (12.0pt too wide) in paragraph at lines 337--337
[]           \OT1/pcr/m/n/10 1.0 1.0 1.0 1.0 1.0 1.0 1.0 1.0 1.0 1.0 1.0 1.0 1.
0[] 
 []


Overfull \hbox (12.0pt too wide) in paragraph at lines 337--337
[]           \OT1/pcr/m/n/10 1.0 1.0 1.0 1.0 1.0 1.0 1.0 1.0 1.0 1.0 1.0 1.0 1.
0[] 
 []


Overfull \hbox (12.0pt too wide) in paragraph at lines 337--337
[]           \OT1/pcr/m/n/10 0.0 0.0 0.0 0.0 0.0 0.0 0.0 0.0 0.0 0.0 0.0 0.0 0.
0[] 
 []


Overfull \hbox (12.0pt too wide) in paragraph at lines 337--337
[]           \OT1/pcr/m/n/10 0.0 0.0 0.0 0.0 0.0 0.0 0.0 0.0 0.0 0.0 0.0 0.0 0.
0[] 
 []


Overfull \hbox (12.0pt too wide) in paragraph at lines 337--337
[]           \OT1/pcr/m/n/10 0.0 0.0 0.0 0.0 0.0 0.0 0.0 0.0 0.0 0.0 0.0 0.0 0.
0[] 
 []


Overfull \hbox (12.0pt too wide) in paragraph at lines 337--337
[]           \OT1/pcr/m/n/10 1.0 1.0 1.0 1.0 1.0 1.0 1.0 1.0 1.0 1.0 1.0 1.0 1.
0[] 
 []


Overfull \hbox (12.0pt too wide) in paragraph at lines 337--337
[]           \OT1/pcr/m/n/10 1.0 1.0 1.0 1.0 1.0 1.0 1.0 1.0 1.0 1.0 1.0 1.0 1.
0[] 
 []


Overfull \hbox (12.0pt too wide) in paragraph at lines 337--337
[]           \OT1/pcr/m/n/10 1.0 1.0 1.0 1.0 1.0 1.0 1.0 1.0 1.0 1.0 1.0 1.0 1.
0[] 
 []


Overfull \hbox (0.23932pt too wide) in paragraph at lines 338--340
\OT1/pcr/m/n/10 hmm[]security[]spanish\OT1/ptm/m/n/10 , and \OT1/pcr/m/n/10 mod
el/proto/hmm[]sil \OT1/ptm/m/n/10 for the cor-re-spond-ing sound
 []


Underfull \vbox (badness 10000) has occurred while \output is active []


Underfull \hbox (badness 10000) has occurred while \output is active
[]
 []

[13]
Overfull \hbox (149.3294pt too wide) in paragraph at lines 354--355
[]\OT1/pcr/m/n/10 hmmfile \OT1/ptm/m/n/10 is con-tained in \OT1/pcr/m/n/10 mode
l/proto/hmm[]security[]english, model/proto/hmm[]security[]spanish
 []


Overfull \hbox (6.0pt too wide) in paragraph at lines 365--365
[]      \OT1/pcr/m/n/10 -H model/hmmi-1/hmmfile -l label -L label_dir nameofhmm
[] 
 []


Overfull \hbox (149.3294pt too wide) in paragraph at lines 369--370
[]\OT1/pcr/m/n/10 hmmfile \OT1/ptm/m/n/10 is con-tained in \OT1/pcr/m/n/10 mode
l/proto/hmm[]security[]english, model/proto/hmm[]security[]spanish
 []


Underfull \hbox (badness 10000) has occurred while \output is active
[]
 []

[14]
Underfull \hbox (badness 10000) has occurred while \output is active
[]
 []

[15]
Chapter 6.
LaTeX Font Info:    Try loading font information for OMS+ptm on input line 384.

(/usr/local/texlive/2014/texmf-dist/tex/latex/psnfss/omsptm.fd
File: omsptm.fd 
)
LaTeX Font Info:    Font shape `OMS/ptm/m/n' in size <10> not available
(Font)              Font shape `OMS/cmsy/m/n' tried instead on input line 384.

Underfull \vbox (badness 10000) has occurred while \output is active []

 [16

]
[17]
Chapter 7.

Overfull \hbox (6.30803pt too wide) in paragraph at lines 416--418
\OT1/pcr/m/n/10 net.slf \OT1/ptm/m/n/10 is the task net-work, \OT1/pcr/m/n/10 r
eco.mlf \OT1/ptm/m/n/10 is the out-put recog-ni-tion file and \OT1/pcr/m/n/10 h
mmsdef.mmf
 []

[18

] [19] [20

]
Chapter 8.
[21

]
Chapter 9.
[22

] [23

]

Package hyperref Warning: bookmark level for unknown achapter defaults to 0.


Package hyperref Warning: Token not allowed in a PDF string (PDFDocEncoding):
(hyperref)                \kern 2.0pt
(hyperref)                removed on input line 430.


Package hyperref Warning: Token not allowed in a PDF string (PDFDocEncoding):
(hyperref)                \hskip 10.0pt
(hyperref)                replaced by space on input line 430.

[24

]

Package hyperref Warning: Token not allowed in a PDF string (PDFDocEncoding):
(hyperref)                \kern 2.0pt
(hyperref)                removed on input line 439.


Package hyperref Warning: Token not allowed in a PDF string (PDFDocEncoding):
(hyperref)                \hskip 10.0pt
(hyperref)                replaced by space on input line 439.


Underfull \hbox (badness 10000) in paragraph at lines 445--447

 []

[25

]
Overfull \hbox (41.0pt too wide) in paragraph at lines 468--468
 []      \OT1/pcr/m/n/10 -H model/proto/hmm_security_english -l security_englis
h[] 
 []


Overfull \hbox (35.0pt too wide) in paragraph at lines 477--477
 []      \OT1/pcr/m/n/10 -H model/hmm0/hmm_security_english -l security_english
[] 
 []


Underfull \hbox (badness 10000) has occurred while \output is active
[]
 []

[26]

Package hyperref Warning: Token not allowed in a PDF string (PDFDocEncoding):
(hyperref)                \kern 2.0pt
(hyperref)                removed on input line 497.


Package hyperref Warning: Token not allowed in a PDF string (PDFDocEncoding):
(hyperref)                \hskip 10.0pt
(hyperref)                replaced by space on input line 497.

[27

] [28

pdfTeX warning (ext4): destination with the same identifier (name{cite.link_use
d_elsewhere}) has been already used, duplicate ignored

\AtBegShi@Output ...ipout \box \AtBeginShipoutBox 
                                                  \fi \fi 
l.508 \printindex
                 pdfTeX warning (ext4): destination with the same identifier (n
ame{cite.link_used_elsewhere}) has been already used, duplicate ignored

\AtBegShi@Output ...ipout \box \AtBeginShipoutBox 
                                                  \fi \fi 
l.508 \printindex
                 ]
No file writeup.ind.
Package atveryend Info: Empty hook `BeforeClearDocument' on input line 511.
Package atveryend Info: Empty hook `AfterLastShipout' on input line 511.
(./writeup.aux)
Package atveryend Info: Executing hook `AtVeryEndDocument' on input line 511.
Package atveryend Info: Executing hook `AtEndAfterFileList' on input line 511.
Package rerunfilecheck Info: File `writeup.out' has not changed.
(rerunfilecheck)             Checksum: 4C411903FD41BD220340A47DA8F1984C;2607.


LaTeX Warning: There were multiply-defined labels.

 ) 
Here is how much of TeX's memory you used:
 5851 strings out of 493117
 85224 string characters out of 6135433
 184210 words of memory out of 5000000
 9132 multiletter control sequences out of 15000+600000
 58379 words of font info for 111 fonts, out of 8000000 for 9000
 1141 hyphenation exceptions out of 8191
 29i,10n,28p,1169b,463s stack positions out of 5000i,500n,10000p,200000b,80000s
{/usr/local/texlive/2014/texmf-dist/fonts/enc/dvips/base/8r.enc}</usr/local/t
exlive/2014/texmf-dist/fonts/type1/public/amsfonts/cm/cmmi10.pfb></usr/local/te
xlive/2014/texmf-dist/fonts/type1/public/amsfonts/cm/cmmi7.pfb></usr/local/texl
ive/2014/texmf-dist/fonts/type1/public/amsfonts/cm/cmr10.pfb></usr/local/texliv
e/2014/texmf-dist/fonts/type1/public/amsfonts/cm/cmr7.pfb></usr/local/texlive/2
014/texmf-dist/fonts/type1/public/amsfonts/cm/cmsy10.pfb></usr/local/texlive/20
14/texmf-dist/fonts/type1/urw/courier/ucrb8a.pfb></usr/local/texlive/2014/texmf
-dist/fonts/type1/urw/courier/ucrr8a.pfb></usr/local/texlive/2014/texmf-dist/fo
nts/type1/urw/courier/ucrro8a.pfb></usr/local/texlive/2014/texmf-dist/fonts/typ
e1/urw/helvetic/uhvb8a.pfb></usr/local/texlive/2014/texmf-dist/fonts/type1/urw/
helvetic/uhvbo8a.pfb></usr/local/texlive/2014/texmf-dist/fonts/type1/urw/helvet
ic/uhvr8a.pfb></usr/local/texlive/2014/texmf-dist/fonts/type1/urw/times/utmb8a.
pfb></usr/local/texlive/2014/texmf-dist/fonts/type1/urw/times/utmr8a.pfb></usr/
local/texlive/2014/texmf-dist/fonts/type1/urw/times/utmri8a.pfb>
Output written on writeup.pdf (32 pages, 233533 bytes).
PDF statistics:
 468 PDF objects out of 1000 (max. 8388607)
 413 compressed objects within 5 object streams
 100 named destinations out of 1000 (max. 500000)
 318 words of extra memory for PDF output out of 10000 (max. 10000000)

